app/build/outputs/logs/manifest-merger-free-debug-report.txt
-- Merging decision tree log ---
manifest
ADDED from src/main/AndroidManifest.xml:2:1-385:12
INJECTED from src/main/AndroidManifest.xml:2:1-385:12
INJECTED from src/main/AndroidManifest.xml:2:1-385:12
INJECTED from src/main/AndroidManifest.xml:2:1-385:12
MERGED from [androidx.multidex:multidex:2.0.0] AndroidManifest.xml:17:1-22:12
MERGED from [:core] AndroidManifest.xml:2:1-57:12
MERGED from [com.google.android.support:wearable:2.2.0] AndroidManifest.xml:2:1-15:12
MERGED from [com.joanzapata.iconify:android-iconify-fontawesome:2.2.2] AndroidManifest.xml:2:1-8:12
MERGED from [com.joanzapata.iconify:android-iconify-material:2.2.2] AndroidManifest.xml:2:1-8:12
MERGED from [com.joanzapata.iconify:android-iconify:2.2.2] AndroidManifest.xml:2:1-8:12
MERGED from [com.afollestad.material-dialogs:commons:0.9.0.2] AndroidManifest.xml:2:1-14:12
MERGED from [com.afollestad.material-dialogs:core:0.9.0.2] AndroidManifest.xml:2:1-15:12
MERGED from [androidx.legacy:legacy-support-v4:1.0.0] AndroidManifest.xml:17:1-22:12
MERGED from [com.leinardi.android:speed-dial:1.0.2] AndroidManifest.xml:17:1-26:12
MERGED from [com.google.android.material:material:1.0.0] AndroidManifest.xml:17:1-24:12
MERGED from [com.github.shts:TriangleLabelView:1.1.2] AndroidManifest.xml:2:1-16:12
MERGED from [com.github.ByteHamster:SearchPreference:v1.2.5] AndroidManifest.xml:2:1-9:12
MERGED from [androidx.mediarouter:mediarouter:1.0.0-alpha5] AndroidManifest.xml:17:1-22:12
MERGED from [androidx.legacy:legacy-preference-v14:1.0.0] AndroidManifest.xml:17:1-22:12
MERGED from [androidx.preference:preference:1.0.0] AndroidManifest.xml:17:1-22:12
MERGED from [me.zhanghai.android.materialprogressbar:library:1.1.7] AndroidManifest.xml:6:1-16:12
MERGED from [androidx.appcompat:appcompat:1.0.0] AndroidManifest.xml:17:1-22:12
MERGED from [androidx.gridlayout:gridlayout:1.0.0] AndroidManifest.xml:17:1-22:12
MERGED from [androidx.recyclerview:recyclerview:1.0.0] AndroidManifest.xml:17:1-22:12
MERGED from [:android_prefetching_lib] AndroidManifest.xml:2:1-13:12
MERGED from [android.arch.work:work-runtime:1.0.1] AndroidManifest.xml:17:1-123:12
MERGED from [androidx.lifecycle:lifecycle-extensions:2.0.0] AndroidManifest.xml:17:1-25:12
MERGED from [com.github.bumptech.glide:glide:4.9.0] AndroidManifest.xml:2:1-12:12
MERGED from [io.reactivex.rxjava2:rxandroid:2.1.0] AndroidManifest.xml:15:1-20:12
MERGED from [com.yqritc:recyclerview-flexibledivider:1.4.0] AndroidManifest.xml:2:1-12:12
MERGED from [com.githang:viewpagerindicator:2.5.1] AndroidManifest.xml:2:1-13:12
MERGED from [com.github.AntennaPod:AntennaPod-AudioPlayer:v1.0.17] AndroidManifest.xml:2:1-12:12
MERGED from [com.github.bumptech.glide:okhttp3-integration:4.9.0] AndroidManifest.xml:2:1-16:12
MERGED from [com.google.android.exoplayer:exoplayer:2.9.3] AndroidManifest.xml:17:1-24:12
MERGED from [androidx.media2:media2:1.0.0-alpha02] AndroidManifest.xml:17:1-22:12
MERGED from [com.google.android.exoplayer:exoplayer-ui:2.9.3] AndroidManifest.xml:17:1-24:12
MERGED from [androidx.media:media:1.0.0] AndroidManifest.xml:17:1-22:12
MERGED from [androidx.fragment:fragment:1.0.0] AndroidManifest.xml:17:1-22:12
MERGED from [androidx.vectordrawable:vectordrawable-animated:1.0.0] AndroidManifest.xml:17:1-22:12
MERGED from [androidx.legacy:legacy-support-core-ui:1.0.0] AndroidManifest.xml:17:1-22:12
MERGED from [androidx.palette:palette:1.0.0-rc01] AndroidManifest.xml:17:1-22:12
MERGED from [androidx.legacy:legacy-support-core-utils:1.0.0] AndroidManifest.xml:17:1-22:12
MERGED from [androidx.vectordrawable:vectordrawable:1.0.0] AndroidManifest.xml:17:1-22:12
MERGED from [androidx.transition:transition:1.0.0] AndroidManifest.xml:17:1-22:12
MERGED from [androidx.room:room-runtime:2.1.0] AndroidManifest.xml:17:1-30:12
MERGED from [androidx.percentlayout:percentlayout:1.0.0] AndroidManifest.xml:17:1-22:12
MERGED from [androidx.loader:loader:1.0.0] AndroidManifest.xml:17:1-22:12
MERGED from [androidx.viewpager:viewpager:1.0.0] AndroidManifest.xml:17:1-22:12
MERGED from [androidx.coordinatorlayout:coordinatorlayout:1.0.0] AndroidManifest.xml:17:1-22:12
MERGED from [androidx.drawerlayout:drawerlayout:1.0.0] AndroidManifest.xml:17:1-22:12
MERGED from [androidx.slidingpanelayout:slidingpanelayout:1.0.0] AndroidManifest.xml:17:1-22:12
MERGED from [androidx.customview:customview:1.0.0] AndroidManifest.xml:17:1-22:12
MERGED from [androidx.swiperefreshlayout:swiperefreshlayout:1.0.0] AndroidManifest.xml:17:1-22:12
MERGED from [androidx.asynclayoutinflater:asynclayoutinflater:1.0.0] AndroidManifest.xml:17:1-22:12
MERGED from [androidx.core:core:1.0.0] AndroidManifest.xml:17:1-24:12
MERGED from [androidx.versionedparcelable:versionedparcelable:1.0.0] AndroidManifest.xml:17:1-25:12
MERGED from [androidx.cursoradapter:cursoradapter:1.0.0] AndroidManifest.xml:17:1-22:12
MERGED from [androidx.cardview:cardview:1.0.0] AndroidManifest.xml:17:1-22:12
MERGED from [androidx.lifecycle:lifecycle-process:2.0.0] AndroidManifest.xml:17:1-30:12
MERGED from [androidx.lifecycle:lifecycle-service:2.0.0] AndroidManifest.xml:17:1-22:12
MERGED from [androidx.lifecycle:lifecycle-runtime:2.0.0] AndroidManifest.xml:17:1-22:12
MERGED from [androidx.lifecycle:lifecycle-livedata:2.0.0] AndroidManifest.xml:17:1-22:12
MERGED from [androidx.lifecycle:lifecycle-livedata-core:2.0.0] AndroidManifest.xml:17:1-22:12
MERGED from [androidx.lifecycle:lifecycle-viewmodel:2.0.0] AndroidManifest.xml:17:1-22:12
MERGED from [com.github.bumptech.glide:gifdecoder:4.9.0] AndroidManifest.xml:2:1-11:12
MERGED from [com.google.android.exoplayer:exoplayer-dash:2.9.3] AndroidManifest.xml:17:1-24:12
MERGED from [com.google.android.exoplayer:exoplayer-hls:2.9.3] AndroidManifest.xml:17:1-24:12
MERGED from [com.google.android.exoplayer:exoplayer-smoothstreaming:2.9.3] AndroidManifest.xml:17:1-24:12
MERGED from [com.google.android.exoplayer:exoplayer-core:2.9.3] AndroidManifest.xml:17:1-26:12
MERGED from [androidx.documentfile:documentfile:1.0.0] AndroidManifest.xml:17:1-22:12
MERGED from [androidx.localbroadcastmanager:localbroadcastmanager:1.0.0] AndroidManifest.xml:17:1-22:12
MERGED from [androidx.print:print:1.0.0] AndroidManifest.xml:17:1-22:12
MERGED from [androidx.interpolator:interpolator:1.0.0] AndroidManifest.xml:17:1-22:12
MERGED from [androidx.arch.core:core-runtime:2.0.1] AndroidManifest.xml:17:1-22:12
MERGED from [androidx.sqlite:sqlite-framework:2.0.1] AndroidManifest.xml:17:1-22:12
MERGED from [androidx.sqlite:sqlite:2.0.1] AndroidManifest.xml:17:1-22:12
INJECTED from src/main/AndroidManifest.xml:2:1-385:12
INJECTED from src/main/AndroidManifest.xml:2:1-385:12
INJECTED from src/main/AndroidManifest.xml:2:1-385:12
	package
		ADDED from src/main/AndroidManifest.xml:3:5-35
		INJECTED from src/main/AndroidManifest.xml
		INJECTED from src/main/AndroidManifest.xml
	android:versionName
		INJECTED from src/main/AndroidManifest.xml
		ADDED from src/main/AndroidManifest.xml:2:1-385:12
		INJECTED from src/main/AndroidManifest.xml
	android:versionCode
		INJECTED from src/main/AndroidManifest.xml
		ADDED from src/main/AndroidManifest.xml:2:1-385:12
		INJECTED from src/main/AndroidManifest.xml
	xmlns:android
		ADDED from src/main/AndroidManifest.xml:2:11-69
	android:installLocation
		ADDED from src/main/AndroidManifest.xml:4:5-35
uses-permission#android.permission.INTERNET
ADDED from src/main/AndroidManifest.xml:6:5-66
MERGED from [:core] AndroidManifest.xml:11:5-67
MERGED from [:core] AndroidManifest.xml:11:5-67
	android:name
		ADDED from src/main/AndroidManifest.xml:6:22-64
uses-permission#android.permission.WRITE_EXTERNAL_STORAGE
ADDED from src/main/AndroidManifest.xml:7:5-80
MERGED from [:core] AndroidManifest.xml:12:5-81
MERGED from [:core] AndroidManifest.xml:12:5-81
	android:name
		ADDED from src/main/AndroidManifest.xml:7:22-78
uses-permission#android.permission.WAKE_LOCK
ADDED from src/main/AndroidManifest.xml:8:5-67
MERGED from [:core] AndroidManifest.xml:13:5-68
MERGED from [:core] AndroidManifest.xml:13:5-68
MERGED from [android.arch.work:work-runtime:1.0.1] AndroidManifest.xml:23:5-68
MERGED from [android.arch.work:work-runtime:1.0.1] AndroidManifest.xml:23:5-68
	android:name
		ADDED from src/main/AndroidManifest.xml:8:22-65
uses-permission#android.permission.ACCESS_NETWORK_STATE
ADDED from src/main/AndroidManifest.xml:9:5-78
MERGED from [:core] AndroidManifest.xml:14:5-79
MERGED from [:core] AndroidManifest.xml:14:5-79
MERGED from [android.arch.work:work-runtime:1.0.1] AndroidManifest.xml:24:5-79
MERGED from [android.arch.work:work-runtime:1.0.1] AndroidManifest.xml:24:5-79
MERGED from [com.google.android.exoplayer:exoplayer-core:2.9.3] AndroidManifest.xml:24:5-79
MERGED from [com.google.android.exoplayer:exoplayer-core:2.9.3] AndroidManifest.xml:24:5-79
	android:name
		ADDED from src/main/AndroidManifest.xml:9:22-76
supports-screens
ADDED from src/main/AndroidManifest.xml:11:5-16:39
	android:largeScreens
		ADDED from src/main/AndroidManifest.xml:13:9-36
	android:smallScreens
		ADDED from src/main/AndroidManifest.xml:15:9-36
	android:normalScreens
		ADDED from src/main/AndroidManifest.xml:14:9-37
	android:xlargeScreens
		ADDED from src/main/AndroidManifest.xml:16:9-37
	android:anyDensity
		ADDED from src/main/AndroidManifest.xml:12:9-34
uses-feature#android.hardware.screen.portrait
ADDED from src/main/AndroidManifest.xml:18:5-20:35
	android:required
		ADDED from src/main/AndroidManifest.xml:20:9-33
	android:name
		ADDED from src/main/AndroidManifest.xml:19:9-56
uses-feature#android.hardware.touchscreen
ADDED from src/main/AndroidManifest.xml:21:5-23:35
	android:required
		ADDED from src/main/AndroidManifest.xml:23:9-33
	android:name
		ADDED from src/main/AndroidManifest.xml:22:9-52
uses-permission#android.permission.ACCESS_WIFI_STATE
ADDED from src/main/AndroidManifest.xml:25:5-75
MERGED from [:core] AndroidManifest.xml:15:5-76
MERGED from [:core] AndroidManifest.xml:15:5-76
	android:name
		ADDED from src/main/AndroidManifest.xml:25:22-73
uses-permission#android.permission.RECEIVE_BOOT_COMPLETED
ADDED from src/main/AndroidManifest.xml:26:5-80
MERGED from [:core] AndroidManifest.xml:16:5-81
MERGED from [:core] AndroidManifest.xml:16:5-81
MERGED from [android.arch.work:work-runtime:1.0.1] AndroidManifest.xml:25:5-81
MERGED from [android.arch.work:work-runtime:1.0.1] AndroidManifest.xml:25:5-81
	android:name
		ADDED from src/main/AndroidManifest.xml:26:22-78
application
ADDED from src/main/AndroidManifest.xml:28:5-383:19
MERGED from [:core] AndroidManifest.xml:20:5-55:19
MERGED from [:core] AndroidManifest.xml:20:5-55:19
MERGED from [com.google.android.support:wearable:2.2.0] AndroidManifest.xml:9:5-13:19
MERGED from [com.google.android.support:wearable:2.2.0] AndroidManifest.xml:9:5-13:19
MERGED from [com.afollestad.material-dialogs:commons:0.9.0.2] AndroidManifest.xml:12:5-20
MERGED from [com.afollestad.material-dialogs:commons:0.9.0.2] AndroidManifest.xml:12:5-20
MERGED from [com.afollestad.material-dialogs:core:0.9.0.2] AndroidManifest.xml:13:5-20
MERGED from [com.afollestad.material-dialogs:core:0.9.0.2] AndroidManifest.xml:13:5-20
MERGED from [com.google.android.material:material:1.0.0] AndroidManifest.xml:22:5-20
MERGED from [com.google.android.material:material:1.0.0] AndroidManifest.xml:22:5-20
MERGED from [com.github.shts:TriangleLabelView:1.1.2] AndroidManifest.xml:11:5-14:19
MERGED from [com.github.shts:TriangleLabelView:1.1.2] AndroidManifest.xml:11:5-14:19
MERGED from [android.arch.work:work-runtime:1.0.1] AndroidManifest.xml:27:5-121:19
MERGED from [android.arch.work:work-runtime:1.0.1] AndroidManifest.xml:27:5-121:19
MERGED from [androidx.lifecycle:lifecycle-extensions:2.0.0] AndroidManifest.xml:22:5-23:19
MERGED from [androidx.lifecycle:lifecycle-extensions:2.0.0] AndroidManifest.xml:22:5-23:19
MERGED from [com.github.bumptech.glide:glide:4.9.0] AndroidManifest.xml:10:5-20
MERGED from [com.github.bumptech.glide:glide:4.9.0] AndroidManifest.xml:10:5-20
MERGED from [com.githang:viewpagerindicator:2.5.1] AndroidManifest.xml:11:5-20
MERGED from [com.githang:viewpagerindicator:2.5.1] AndroidManifest.xml:11:5-20
MERGED from [com.github.bumptech.glide:okhttp3-integration:4.9.0] AndroidManifest.xml:10:5-14:19
MERGED from [com.github.bumptech.glide:okhttp3-integration:4.9.0] AndroidManifest.xml:10:5-14:19
MERGED from [androidx.room:room-runtime:2.1.0] AndroidManifest.xml:24:5-28:19
MERGED from [androidx.room:room-runtime:2.1.0] AndroidManifest.xml:24:5-28:19
MERGED from [androidx.core:core:1.0.0] AndroidManifest.xml:22:5-89
MERGED from [androidx.core:core:1.0.0] AndroidManifest.xml:22:5-89
MERGED from [androidx.versionedparcelable:versionedparcelable:1.0.0] AndroidManifest.xml:22:5-23:19
MERGED from [androidx.versionedparcelable:versionedparcelable:1.0.0] AndroidManifest.xml:22:5-23:19
MERGED from [androidx.lifecycle:lifecycle-process:2.0.0] AndroidManifest.xml:22:5-28:19
MERGED from [androidx.lifecycle:lifecycle-process:2.0.0] AndroidManifest.xml:22:5-28:19
MERGED from [com.github.bumptech.glide:gifdecoder:4.9.0] AndroidManifest.xml:9:5-20
MERGED from [com.github.bumptech.glide:gifdecoder:4.9.0] AndroidManifest.xml:9:5-20
	android:backupAgent
		ADDED from src/main/AndroidManifest.xml:33:9-59
	android:appComponentFactory
		ADDED from [androidx.core:core:1.0.0] AndroidManifest.xml:22:18-86
	android:supportsRtl
		ADDED from [com.github.shts:TriangleLabelView:1.1.2] AndroidManifest.xml:13:9-35
	android:label
		ADDED from src/main/AndroidManifest.xml:32:9-41
	android:roundIcon
		ADDED from src/main/AndroidManifest.xml:31:9-54
	android:allowBackup
		ADDED from [:core] AndroidManifest.xml:21:9-35
	android:restoreAnyVersion
		ADDED from src/main/AndroidManifest.xml:34:9-41
	android:icon
		ADDED from src/main/AndroidManifest.xml:30:9-43
	android:logo
		ADDED from src/main/AndroidManifest.xml:36:9-43
	android:usesCleartextTraffic
		ADDED from src/main/AndroidManifest.xml:35:9-44
	android:name
		ADDED from src/main/AndroidManifest.xml:29:9-55
meta-data#com.google.android.gms.car.notification.SmallIcon
ADDED from src/main/AndroidManifest.xml:37:9-38:68
	android:resource
		ADDED from src/main/AndroidManifest.xml:38:21-65
	android:name
		ADDED from src/main/AndroidManifest.xml:37:20-84
meta-data#com.google.android.backup.api_key
ADDED from src/main/AndroidManifest.xml:39:9-41:81
	android:value
		ADDED from src/main/AndroidManifest.xml:41:13-79
	android:name
		ADDED from src/main/AndroidManifest.xml:40:13-61
activity#de.danoeh.antennapod.activity.SplashActivity
ADDED from src/main/AndroidManifest.xml:43:9-63:20
	android:label
		ADDED from src/main/AndroidManifest.xml:45:13-45
	android:configChanges
		ADDED from src/main/AndroidManifest.xml:46:13-74
	android:theme
		ADDED from src/main/AndroidManifest.xml:47:13-64
	android:name
		ADDED from src/main/AndroidManifest.xml:44:13-52
intent-filter#action:name:android.intent.action.MAIN+category:name:android.intent.category.LAUNCHER
ADDED from src/main/AndroidManifest.xml:52:13-55:29
action#android.intent.action.MAIN
ADDED from src/main/AndroidManifest.xml:53:17-68
	android:name
		ADDED from src/main/AndroidManifest.xml:53:25-66
category#android.intent.category.LAUNCHER
ADDED from src/main/AndroidManifest.xml:54:17-76
	android:name
		ADDED from src/main/AndroidManifest.xml:54:27-74
intent-filter#action:name:android.media.action.MEDIA_PLAY_FROM_SEARCH+category:name:android.intent.category.DEFAULT
ADDED from src/main/AndroidManifest.xml:57:13-62:29
action#android.media.action.MEDIA_PLAY_FROM_SEARCH
ADDED from src/main/AndroidManifest.xml:58:17-59:69
	android:name
		ADDED from src/main/AndroidManifest.xml:58:25-105
category#android.intent.category.DEFAULT
ADDED from src/main/AndroidManifest.xml:60:17-61:57
	android:name
		ADDED from src/main/AndroidManifest.xml:60:27-95
activity#de.danoeh.antennapod.activity.MainActivity
ADDED from src/main/AndroidManifest.xml:64:9-69:20
	android:label
		ADDED from src/main/AndroidManifest.xml:68:13-45
	android:launchMode
		ADDED from src/main/AndroidManifest.xml:67:13-44
	android:configChanges
		ADDED from src/main/AndroidManifest.xml:66:13-74
	android:name
		ADDED from src/main/AndroidManifest.xml:65:13-50
activity#de.danoeh.antennapod.activity.AudioplayerActivity
ADDED from src/main/AndroidManifest.xml:70:9-85:20
	android:launchMode
		ADDED from src/main/AndroidManifest.xml:72:13-43
	android:name
		ADDED from src/main/AndroidManifest.xml:71:13-57
meta-data#android.support.PARENT_ACTIVITY
ADDED from src/main/AndroidManifest.xml:73:13-75:77
	android:value
		ADDED from src/main/AndroidManifest.xml:75:17-75
	android:name
		ADDED from src/main/AndroidManifest.xml:74:17-63
intent-filter#action:name:android.intent.action.VIEW+category:name:android.intent.category.BROWSABLE+category:name:android.intent.category.DEFAULT+data:mimeType:audio/*+data:scheme:file
ADDED from src/main/AndroidManifest.xml:76:13-84:29
action#android.intent.action.VIEW
ADDED from src/main/AndroidManifest.xml:77:17-68
	android:name
		ADDED from src/main/AndroidManifest.xml:77:25-66
category#android.intent.category.BROWSABLE
ADDED from src/main/AndroidManifest.xml:80:17-77
	android:name
		ADDED from src/main/AndroidManifest.xml:80:27-75
data
ADDED from src/main/AndroidManifest.xml:82:17-46
	android:host
		ADDED from src/main/AndroidManifest.xml:159:21-56
	android:scheme
		ADDED from src/main/AndroidManifest.xml:82:23-44
	android:pathPattern
		ADDED from src/main/AndroidManifest.xml:276:23-53
	android:mimeType
		ADDED from src/main/AndroidManifest.xml:83:23-49
activity#de.danoeh.antennapod.activity.CastplayerActivity
ADDED from src/main/AndroidManifest.xml:86:9-92:20
	android:launchMode
		ADDED from src/main/AndroidManifest.xml:88:13-43
	android:name
		ADDED from src/main/AndroidManifest.xml:87:13-56
activity#de.danoeh.antennapod.activity.DownloadAuthenticationActivity
ADDED from src/main/AndroidManifest.xml:94:9-96:50
	android:launchMode
		ADDED from src/main/AndroidManifest.xml:96:13-48
	android:name
		ADDED from src/main/AndroidManifest.xml:95:13-68
activity#de.danoeh.antennapod.activity.PreferenceActivity
ADDED from src/main/AndroidManifest.xml:98:9-105:20
	android:label
		ADDED from src/main/AndroidManifest.xml:101:13-51
	android:configChanges
		ADDED from src/main/AndroidManifest.xml:100:13-74
	android:name
		ADDED from src/main/AndroidManifest.xml:99:13-56
activity#de.danoeh.antennapod.activity.FeedInfoActivity
ADDED from src/main/AndroidManifest.xml:107:9-110:20
	android:label
		ADDED from src/main/AndroidManifest.xml:109:17-56
	android:name
		ADDED from src/main/AndroidManifest.xml:108:17-58
activity#de.danoeh.antennapod.activity.FeedSettingsActivity
ADDED from src/main/AndroidManifest.xml:112:9-116:20
	android:label
		ADDED from src/main/AndroidManifest.xml:115:17-60
	android:windowSoftInputMode
		ADDED from src/main/AndroidManifest.xml:114:17-58
	android:name
		ADDED from src/main/AndroidManifest.xml:113:17-62
service#de.danoeh.antennapod.core.service.PlayerWidgetJobService
ADDED from src/main/AndroidManifest.xml:118:9-123:19
	android:enabled
		ADDED from src/main/AndroidManifest.xml:121:13-35
	android:exported
		ADDED from src/main/AndroidManifest.xml:122:13-37
	android:permission
		ADDED from src/main/AndroidManifest.xml:120:13-69
	android:name
		ADDED from src/main/AndroidManifest.xml:119:13-64
receiver#de.danoeh.antennapod.core.receiver.PlayerWidget
ADDED from src/main/AndroidManifest.xml:125:9-140:20
	android:name
		ADDED from src/main/AndroidManifest.xml:125:19-61
intent-filter#action:name:android.appwidget.action.APPWIDGET_UPDATE
ADDED from src/main/AndroidManifest.xml:126:13-128:29
action#android.appwidget.action.APPWIDGET_UPDATE
ADDED from src/main/AndroidManifest.xml:127:17-83
	android:name
		ADDED from src/main/AndroidManifest.xml:127:25-81
intent-filter#action:name:de.danoeh.antennapod.FORCE_WIDGET_UPDATE
ADDED from src/main/AndroidManifest.xml:129:13-131:29
action#de.danoeh.antennapod.FORCE_WIDGET_UPDATE
ADDED from src/main/AndroidManifest.xml:130:17-82
	android:name
		ADDED from src/main/AndroidManifest.xml:130:25-80
meta-data#android.appwidget.provider
ADDED from src/main/AndroidManifest.xml:133:13-135:61
	android:resource
		ADDED from src/main/AndroidManifest.xml:135:17-59
	android:name
		ADDED from src/main/AndroidManifest.xml:134:17-58
intent-filter#action:name:de.danoeh.antennapod.STOP_WIDGET_UPDATE
ADDED from src/main/AndroidManifest.xml:137:13-139:29
action#de.danoeh.antennapod.STOP_WIDGET_UPDATE
ADDED from src/main/AndroidManifest.xml:138:17-81
	android:name
		ADDED from src/main/AndroidManifest.xml:138:25-79
activity#de.danoeh.antennapod.activity.StorageErrorActivity
ADDED from src/main/AndroidManifest.xml:142:9-143:20
	android:name
		ADDED from src/main/AndroidManifest.xml:142:19-64
activity#de.danoeh.antennapod.activity.FlattrAuthActivity
ADDED from src/main/AndroidManifest.xml:144:9-162:20
	android:label
		ADDED from src/main/AndroidManifest.xml:146:13-54
	android:name
		ADDED from src/main/AndroidManifest.xml:145:13-56
intent-filter#action:name:.activities.FlattrAuthActivity+category:name:android.intent.category.DEFAULT
ADDED from src/main/AndroidManifest.xml:147:13-151:29
action#de.danoeh.antennapod.activities.FlattrAuthActivity
ADDED from src/main/AndroidManifest.xml:148:17-72
	android:name
		ADDED from src/main/AndroidManifest.xml:148:25-70
intent-filter#action:name:android.intent.action.VIEW+category:name:android.intent.category.BROWSABLE+category:name:android.intent.category.DEFAULT+data:host:de.danoeh.antennapod+data:scheme:flattr4j
ADDED from src/main/AndroidManifest.xml:152:13-161:29
activity#de.danoeh.antennapod.activity.AboutActivity
ADDED from src/main/AndroidManifest.xml:163:9-170:20
	android:label
		ADDED from src/main/AndroidManifest.xml:166:13-47
	android:configChanges
		ADDED from src/main/AndroidManifest.xml:165:13-74
	android:name
		ADDED from src/main/AndroidManifest.xml:164:13-51
activity#de.danoeh.antennapod.activity.StatisticsActivity
ADDED from src/main/AndroidManifest.xml:171:9-177:20
	android:label
		ADDED from src/main/AndroidManifest.xml:173:13-53
	android:name
		ADDED from src/main/AndroidManifest.xml:172:13-56
activity#de.danoeh.antennapod.activity.ImportExportActivity
ADDED from src/main/AndroidManifest.xml:178:9-184:20
	android:label
		ADDED from src/main/AndroidManifest.xml:180:17-54
	android:name
		ADDED from src/main/AndroidManifest.xml:179:17-62
activity#de.danoeh.antennapod.activity.OpmlImportFromPathActivity
ADDED from src/main/AndroidManifest.xml:185:9-189:20
	android:label
		ADDED from src/main/AndroidManifest.xml:188:13-54
	android:configChanges
		ADDED from src/main/AndroidManifest.xml:187:13-74
	android:name
		ADDED from src/main/AndroidManifest.xml:186:13-64
activity#de.danoeh.antennapod.activity.OpmlImportFromIntentActivity
ADDED from src/main/AndroidManifest.xml:190:9-225:20
	android:label
		ADDED from src/main/AndroidManifest.xml:193:13-54
	android:configChanges
		ADDED from src/main/AndroidManifest.xml:192:13-74
	android:name
		ADDED from src/main/AndroidManifest.xml:191:13-66
intent-filter#action:name:android.intent.action.VIEW+category:name:android.intent.category.BROWSABLE+category:name:android.intent.category.DEFAULT+data:host:*+data:mimeType:application/octet-stream+data:mimeType:application/xml+data:mimeType:text/x-opml+data:mimeType:text/xml+data:scheme:content+data:scheme:file
ADDED from src/main/AndroidManifest.xml:194:13-209:29
intent-filter#action:name:android.intent.action.SEND+category:name:android.intent.category.BROWSABLE+category:name:android.intent.category.DEFAULT+data:mimeType:application/octet-stream+data:mimeType:application/xml+data:mimeType:text/plain+data:mimeType:text/x-opml+data:mimeType:text/xml+data:scheme:http+data:scheme:https
ADDED from src/main/AndroidManifest.xml:210:13-224:29
action#android.intent.action.SEND
ADDED from src/main/AndroidManifest.xml:211:17-68
	android:name
		ADDED from src/main/AndroidManifest.xml:211:25-66
activity#de.danoeh.antennapod.activity.OpmlFeedChooserActivity
ADDED from src/main/AndroidManifest.xml:226:9-229:20
	android:label
		ADDED from src/main/AndroidManifest.xml:228:13-54
	android:name
		ADDED from src/main/AndroidManifest.xml:227:13-61
activity#de.danoeh.antennapod.activity.VideoplayerActivity
ADDED from src/main/AndroidManifest.xml:231:9-248:20
	android:screenOrientation
		ADDED from src/main/AndroidManifest.xml:235:13-56
	android:supportsPictureInPicture
		ADDED from src/main/AndroidManifest.xml:234:13-52
	android:configChanges
		ADDED from src/main/AndroidManifest.xml:233:13-106
	android:name
		ADDED from src/main/AndroidManifest.xml:232:13-57
intent-filter#action:name:android.intent.action.VIEW+category:name:android.intent.category.BROWSABLE+category:name:android.intent.category.DEFAULT+data:mimeType:video/*+data:scheme:file
ADDED from src/main/AndroidManifest.xml:239:13-247:29
activity#de.danoeh.antennapod.activity.DirectoryChooserActivity
ADDED from src/main/AndroidManifest.xml:249:9-255:20
	android:label
		ADDED from src/main/AndroidManifest.xml:251:13-58
	android:name
		ADDED from src/main/AndroidManifest.xml:250:13-62
activity#de.danoeh.antennapod.activity.OnlineFeedViewActivity
ADDED from src/main/AndroidManifest.xml:257:9-335:20
	android:label
		ADDED from src/main/AndroidManifest.xml:260:13-51
	android:configChanges
		ADDED from src/main/AndroidManifest.xml:259:13-59
	android:name
		ADDED from src/main/AndroidManifest.xml:258:13-60
intent-filter#action:name:android.intent.action.VIEW+category:name:android.intent.category.BROWSABLE+category:name:android.intent.category.DEFAULT+data:host:*+data:pathPattern:.*\\.atom+data:pathPattern:.*\\.rss+data:pathPattern:.*\\.xml+data:scheme:http+data:scheme:https
ADDED from src/main/AndroidManifest.xml:267:13-279:29
intent-filter#action:name:android.intent.action.VIEW+category:name:android.intent.category.BROWSABLE+category:name:android.intent.category.DEFAULT+data:host:feedproxy.google.com+data:host:feeds.feedburner.com+data:host:feeds2.feedburner.com+data:host:feedsproxy.google.com+data:scheme:http+data:scheme:https
ADDED from src/main/AndroidManifest.xml:283:13-295:29
intent-filter#action:name:android.intent.action.VIEW+category:name:android.intent.category.BROWSABLE+category:name:android.intent.category.DEFAULT+data:mimeType:application/atom+xml+data:mimeType:application/rss+xml+data:mimeType:application/xml+data:mimeType:text/xml+data:scheme:http+data:scheme:https
ADDED from src/main/AndroidManifest.xml:299:13-311:29
intent-filter#action:name:android.intent.action.VIEW+category:name:android.intent.category.BROWSABLE+category:name:android.intent.category.DEFAULT+data:scheme:antennapod-subscribe+data:scheme:feed+data:scheme:itpc+data:scheme:pcast
ADDED from src/main/AndroidManifest.xml:315:13-325:29
intent-filter#action:name:android.intent.action.SEND+category:name:android.intent.category.DEFAULT+data:mimeType:text/plain
ADDED from src/main/AndroidManifest.xml:327:13-333:29
activity#de.danoeh.antennapod.activity.gpoddernet.GpodnetAuthenticationActivity
ADDED from src/main/AndroidManifest.xml:337:9-349:20
	android:screenOrientation
		ADDED from src/main/AndroidManifest.xml:341:13-49
	android:label
		ADDED from src/main/AndroidManifest.xml:340:13-55
	android:configChanges
		ADDED from src/main/AndroidManifest.xml:339:13-48
	android:name
		ADDED from src/main/AndroidManifest.xml:338:13-78
intent-filter#action:name:.activity.gpoddernet.GpodnetAuthenticationActivity+category:name:android.intent.category.DEFAULT
ADDED from src/main/AndroidManifest.xml:342:13-345:29
action#de.danoeh.antennapod.activity.gpoddernet.GpodnetAuthenticationActivity
ADDED from src/main/AndroidManifest.xml:343:17-92
	android:name
		ADDED from src/main/AndroidManifest.xml:343:25-90
receiver#de.danoeh.antennapod.receiver.ConnectivityActionReceiver
ADDED from src/main/AndroidManifest.xml:351:9-355:20
	android:name
		ADDED from src/main/AndroidManifest.xml:351:19-70
intent-filter#action:name:android.net.conn.CONNECTIVITY_CHANGE
ADDED from src/main/AndroidManifest.xml:352:13-354:29
action#android.net.conn.CONNECTIVITY_CHANGE
ADDED from src/main/AndroidManifest.xml:353:17-78
	android:name
		ADDED from src/main/AndroidManifest.xml:353:25-76
receiver#de.danoeh.antennapod.receiver.PowerConnectionReceiver
ADDED from src/main/AndroidManifest.xml:357:9-362:20
	android:name
		ADDED from src/main/AndroidManifest.xml:357:19-67
intent-filter#action:name:android.intent.action.ACTION_POWER_CONNECTED+action:name:android.intent.action.ACTION_POWER_DISCONNECTED
ADDED from src/main/AndroidManifest.xml:358:13-361:29
action#android.intent.action.ACTION_POWER_CONNECTED
ADDED from src/main/AndroidManifest.xml:359:17-86
	android:name
		ADDED from src/main/AndroidManifest.xml:359:25-84
action#android.intent.action.ACTION_POWER_DISCONNECTED
ADDED from src/main/AndroidManifest.xml:360:17-89
	android:name
		ADDED from src/main/AndroidManifest.xml:360:25-87
receiver#de.danoeh.antennapod.receiver.SPAReceiver
ADDED from src/main/AndroidManifest.xml:364:9-368:20
	android:name
		ADDED from src/main/AndroidManifest.xml:364:19-55
intent-filter#action:name:de.danoeh.antennapdsp.intent.SP_APPS_QUERY_FEEDS_RESPONSE
ADDED from src/main/AndroidManifest.xml:365:13-367:29
action#de.danoeh.antennapdsp.intent.SP_APPS_QUERY_FEEDS_RESPONSE
ADDED from src/main/AndroidManifest.xml:366:17-99
	android:name
		ADDED from src/main/AndroidManifest.xml:366:25-97
provider#androidx.core.content.FileProvider
ADDED from src/main/AndroidManifest.xml:370:9-378:20
	android:grantUriPermissions
		ADDED from src/main/AndroidManifest.xml:374:13-47
	android:authorities
		ADDED from src/main/AndroidManifest.xml:371:13-61
	android:exported
		ADDED from src/main/AndroidManifest.xml:373:13-37
	android:name
		ADDED from src/main/AndroidManifest.xml:372:13-62
meta-data#android.support.FILE_PROVIDER_PATHS
ADDED from src/main/AndroidManifest.xml:375:13-377:57
	android:resource
		ADDED from src/main/AndroidManifest.xml:377:17-55
	android:name
		ADDED from src/main/AndroidManifest.xml:376:17-67
meta-data#com.google.android.gms.car.application